<?xml version="1.0" encoding="UTF-8"?>
<!-- Generated by org.testng.reporters.JUnitXMLReporter -->
<testsuite ignored="0" hostname="ahmad-WX-3" failures="0" tests="5" name="Default test" time="4.487" errors="0" timestamp="2022-03-01T20:25:47 IST">
  <testcase classname="com.project.reqres.Get_req" name="GetAllUser" time="1.061"/>
  <testcase classname="com.project.reqres.Get_req" name="checkContentType" time="0.004"/>
  <testcase classname="com.project.reqres.Get_req" name="checkResponseBody" time="0.001"/>
  <testcase classname="com.project.reqres.Get_req" name="checkStatusCode" time="0.001"/>
  <testcase classname="com.project.reqres.Get_req" name="checkStatusLine" time="0.001"/>
</testsuite> <!-- Default test -->
