<?xml version="1.0" encoding="UTF-8"?>
<testng-results ignored="0" total="5" passed="5" failed="0" skipped="0">
  <reporter-output>
  </reporter-output>
  <suite started-at="2022-03-01T20:25:42 IST" name="Default suite" finished-at="2022-03-01T20:25:47 IST" duration-ms="4487">
    <groups>
    </groups>
    <test started-at="2022-03-01T20:25:42 IST" name="Default test" finished-at="2022-03-01T20:25:47 IST" duration-ms="4487">
      <class name="com.project.reqres.Get_req">
        <test-method is-config="true" signature="setup()[pri:0, instance:com.project.reqres.Get_req@bd4dc25]" started-at="2022-03-01T20:25:42 IST" name="setup" finished-at="2022-03-01T20:25:42 IST" duration-ms="113" status="PASS">
          <reporter-output>
          </reporter-output>
        </test-method> <!-- setup -->
        <test-method is-config="true" signature="GetUser()[pri:0, instance:com.project.reqres.Get_req@bd4dc25]" started-at="2022-03-01T20:25:42 IST" name="GetUser" finished-at="2022-03-01T20:25:46 IST" duration-ms="3265" status="PASS">
          <reporter-output>
          </reporter-output>
        </test-method> <!-- GetUser -->
        <test-method signature="GetAllUser()[pri:0, instance:com.project.reqres.Get_req@bd4dc25]" started-at="2022-03-01T20:25:46 IST" name="GetAllUser" finished-at="2022-03-01T20:25:47 IST" duration-ms="1061" status="PASS">
          <reporter-output>
          </reporter-output>
        </test-method> <!-- GetAllUser -->
        <test-method signature="checkContentType()[pri:0, instance:com.project.reqres.Get_req@bd4dc25]" started-at="2022-03-01T20:25:47 IST" name="checkContentType" finished-at="2022-03-01T20:25:47 IST" duration-ms="4" status="PASS">
          <reporter-output>
          </reporter-output>
        </test-method> <!-- checkContentType -->
        <test-method signature="checkResponseBody()[pri:0, instance:com.project.reqres.Get_req@bd4dc25]" started-at="2022-03-01T20:25:47 IST" name="checkResponseBody" finished-at="2022-03-01T20:25:47 IST" duration-ms="1" status="PASS">
          <reporter-output>
          </reporter-output>
        </test-method> <!-- checkResponseBody -->
        <test-method signature="checkStatusCode()[pri:0, instance:com.project.reqres.Get_req@bd4dc25]" started-at="2022-03-01T20:25:47 IST" name="checkStatusCode" finished-at="2022-03-01T20:25:47 IST" duration-ms="1" status="PASS">
          <reporter-output>
          </reporter-output>
        </test-method> <!-- checkStatusCode -->
        <test-method signature="checkStatusLine()[pri:0, instance:com.project.reqres.Get_req@bd4dc25]" started-at="2022-03-01T20:25:47 IST" name="checkStatusLine" finished-at="2022-03-01T20:25:47 IST" duration-ms="1" status="PASS">
          <reporter-output>
          </reporter-output>
        </test-method> <!-- checkStatusLine -->
      </class> <!-- com.project.reqres.Get_req -->
    </test> <!-- Default test -->
  </suite> <!-- Default suite -->
</testng-results>
