<?xml version="1.0" encoding="UTF-8"?>
<!-- Generated by org.testng.reporters.JUnitXMLReporter -->
<testsuite ignored="0" hostname="Chinu" failures="0" tests="9" name="Project_reqres_testng_Test" time="4.341" errors="0" timestamp="2022-02-20T10:09:02 IST">
  <testcase classname="com.project.reqres.Post_req" name="checkContentType" time="0.007"/>
  <testcase classname="com.project.reqres.Post_req" name="checkResponseBody" time="0.002"/>
  <testcase classname="com.project.reqres.Post_req" name="checkStatusCode" time="0.003"/>
  <testcase classname="com.project.reqres.Post_req" name="checkStatusLine" time="0.001"/>
  <testcase classname="com.project.reqres.Get_req" name="GetAllUser" time="0.96"/>
  <testcase classname="com.project.reqres.Get_req" name="checkContentType" time="0.001"/>
  <testcase classname="com.project.reqres.Get_req" name="checkResponseBody" time="0.002"/>
  <testcase classname="com.project.reqres.Get_req" name="checkStatusCode" time="0.001"/>
  <testcase classname="com.project.reqres.Get_req" name="checkStatusLine" time="0.001"/>
</testsuite> <!-- Project_reqres_testng_Test -->
